1488151955075	geckodriver	INFO	Listening on 127.0.0.1:52698
1488151956173	mozprofile::profile	INFO	Using profile path /tmp/rust_mozprofile.8RuEym1KSawr
1488151956174	geckodriver::marionette	INFO	Starting browser /usr/bin/firefox
1488151956199	geckodriver::marionette	INFO	Connecting to Marionette on localhost:52107

(firefox:5117): GLib-GObject-CRITICAL **: g_object_ref: assertion 'object->ref_count > 0' failed

(firefox:5117): GLib-GObject-CRITICAL **: g_object_unref: assertion 'object->ref_count > 0' failed

(firefox:5117): GLib-GObject-CRITICAL **: g_object_ref: assertion 'object->ref_count > 0' failed

(firefox:5117): GLib-GObject-CRITICAL **: g_object_unref: assertion 'object->ref_count > 0' failed
1488151959350	Marionette	INFO	Listening on port 52107

(/usr/lib/firefox/plugin-container:5192): GLib-GObject-CRITICAL **: g_object_ref: assertion 'object->ref_count > 0' failed

(/usr/lib/firefox/plugin-container:5192): GLib-GObject-CRITICAL **: g_object_unref: assertion 'object->ref_count > 0' failed

(/usr/lib/firefox/plugin-container:5192): GLib-GObject-CRITICAL **: g_object_ref: assertion 'object->ref_count > 0' failed

(/usr/lib/firefox/plugin-container:5192): GLib-GObject-CRITICAL **: g_object_unref: assertion 'object->ref_count > 0' failed

(firefox:5117): GLib-GObject-CRITICAL **: g_object_ref: assertion 'object->ref_count > 0' failed

(firefox:5117): GLib-GObject-CRITICAL **: g_object_unref: assertion 'object->ref_count > 0' failed
1488151983927	geckodriver	INFO	Listening on 127.0.0.1:40067
1488151985037	mozprofile::profile	INFO	Using profile path /tmp/rust_mozprofile.eTeupP5o2dkV
1488151985038	geckodriver::marionette	INFO	Starting browser /usr/bin/firefox
1488151985043	geckodriver::marionette	INFO	Connecting to Marionette on localhost:44045

(firefox:5258): GLib-GObject-CRITICAL **: g_object_ref: assertion 'object->ref_count > 0' failed

(firefox:5258): GLib-GObject-CRITICAL **: g_object_unref: assertion 'object->ref_count > 0' failed

(firefox:5258): GLib-GObject-CRITICAL **: g_object_ref: assertion 'object->ref_count > 0' failed

(firefox:5258): GLib-GObject-CRITICAL **: g_object_unref: assertion 'object->ref_count > 0' failed
1488151985889	Marionette	INFO	Listening on port 44045

(/usr/lib/firefox/plugin-container:5329): GLib-GObject-CRITICAL **: g_object_ref: assertion 'object->ref_count > 0' failed

(/usr/lib/firefox/plugin-container:5329): GLib-GObject-CRITICAL **: g_object_unref: assertion 'object->ref_count > 0' failed

(/usr/lib/firefox/plugin-container:5329): GLib-GObject-CRITICAL **: g_object_ref: assertion 'object->ref_count > 0' failed

(/usr/lib/firefox/plugin-container:5329): GLib-GObject-CRITICAL **: g_object_unref: assertion 'object->ref_count > 0' failed
1488152130861	geckodriver	INFO	Listening on 127.0.0.1:43264
1488152131972	mozprofile::profile	INFO	Using profile path /tmp/rust_mozprofile.5ABJbDHZ5XDC
1488152131973	geckodriver::marionette	INFO	Starting browser /usr/bin/firefox
1488152131978	geckodriver::marionette	INFO	Connecting to Marionette on localhost:48715

(firefox:5435): GLib-GObject-CRITICAL **: g_object_ref: assertion 'object->ref_count > 0' failed

(firefox:5435): GLib-GObject-CRITICAL **: g_object_unref: assertion 'object->ref_count > 0' failed

(firefox:5435): GLib-GObject-CRITICAL **: g_object_ref: assertion 'object->ref_count > 0' failed

(firefox:5435): GLib-GObject-CRITICAL **: g_object_unref: assertion 'object->ref_count > 0' failed
1488152132806	Marionette	INFO	Listening on port 48715

(/usr/lib/firefox/plugin-container:5511): GLib-GObject-CRITICAL **: g_object_ref: assertion 'object->ref_count > 0' failed

(/usr/lib/firefox/plugin-container:5511): GLib-GObject-CRITICAL **: g_object_unref: assertion 'object->ref_count > 0' failed

(/usr/lib/firefox/plugin-container:5511): GLib-GObject-CRITICAL **: g_object_ref: assertion 'object->ref_count > 0' failed

(/usr/lib/firefox/plugin-container:5511): GLib-GObject-CRITICAL **: g_object_unref: assertion 'object->ref_count > 0' failed

(firefox:5258): GLib-GObject-CRITICAL **: g_object_ref: assertion 'object->ref_count > 0' failed

(firefox:5258): GLib-GObject-CRITICAL **: g_object_unref: assertion 'object->ref_count > 0' failed
1488152202299	geckodriver	INFO	Listening on 127.0.0.1:42562
1488152203405	mozprofile::profile	INFO	Using profile path /tmp/rust_mozprofile.pQTcc8cgEZGC
1488152203406	geckodriver::marionette	INFO	Starting browser /usr/bin/firefox
1488152203411	geckodriver::marionette	INFO	Connecting to Marionette on localhost:47566

(firefox:5588): GLib-GObject-CRITICAL **: g_object_ref: assertion 'object->ref_count > 0' failed

(firefox:5588): GLib-GObject-CRITICAL **: g_object_unref: assertion 'object->ref_count > 0' failed

(firefox:5588): GLib-GObject-CRITICAL **: g_object_ref: assertion 'object->ref_count > 0' failed

(firefox:5588): GLib-GObject-CRITICAL **: g_object_unref: assertion 'object->ref_count > 0' failed
1488152204263	Marionette	INFO	Listening on port 47566

(/usr/lib/firefox/plugin-container:5662): GLib-GObject-CRITICAL **: g_object_ref: assertion 'object->ref_count > 0' failed

(/usr/lib/firefox/plugin-container:5662): GLib-GObject-CRITICAL **: g_object_unref: assertion 'object->ref_count > 0' failed

(/usr/lib/firefox/plugin-container:5662): GLib-GObject-CRITICAL **: g_object_ref: assertion 'object->ref_count > 0' failed

(/usr/lib/firefox/plugin-container:5662): GLib-GObject-CRITICAL **: g_object_unref: assertion 'object->ref_count > 0' failed
1488152703100	geckodriver	INFO	Listening on 127.0.0.1:48642
1488152704207	mozprofile::profile	INFO	Using profile path /tmp/rust_mozprofile.jEkmNH5qWiLf
1488152704208	geckodriver::marionette	INFO	Starting browser /usr/bin/firefox
1488152704213	geckodriver::marionette	INFO	Connecting to Marionette on localhost:33070

(firefox:6355): GLib-GObject-CRITICAL **: g_object_ref: assertion 'object->ref_count > 0' failed

(firefox:6355): GLib-GObject-CRITICAL **: g_object_unref: assertion 'object->ref_count > 0' failed

(firefox:6355): GLib-GObject-CRITICAL **: g_object_ref: assertion 'object->ref_count > 0' failed

(firefox:6355): GLib-GObject-CRITICAL **: g_object_unref: assertion 'object->ref_count > 0' failed
1488152705132	Marionette	INFO	Listening on port 33070

(/usr/lib/firefox/plugin-container:6433): GLib-GObject-CRITICAL **: g_object_ref: assertion 'object->ref_count > 0' failed

(/usr/lib/firefox/plugin-container:6433): GLib-GObject-CRITICAL **: g_object_unref: assertion 'object->ref_count > 0' failed

(/usr/lib/firefox/plugin-container:6433): GLib-GObject-CRITICAL **: g_object_ref: assertion 'object->ref_count > 0' failed

(/usr/lib/firefox/plugin-container:6433): GLib-GObject-CRITICAL **: g_object_unref: assertion 'object->ref_count > 0' failed
*************************
A coding exception was thrown and uncaught in a Task.

Full message: TypeError: NetworkError when attempting to fetch resource.
Full stack: 
*************************
1488152734691	geckodriver	INFO	Listening on 127.0.0.1:40969
1488152735799	mozprofile::profile	INFO	Using profile path /tmp/rust_mozprofile.cssUElSiPqJl
1488152735800	geckodriver::marionette	INFO	Starting browser /usr/bin/firefox
1488152735805	geckodriver::marionette	INFO	Connecting to Marionette on localhost:46314

(firefox:6503): GLib-GObject-CRITICAL **: g_object_ref: assertion 'object->ref_count > 0' failed

(firefox:6503): GLib-GObject-CRITICAL **: g_object_unref: assertion 'object->ref_count > 0' failed

(firefox:6503): GLib-GObject-CRITICAL **: g_object_ref: assertion 'object->ref_count > 0' failed

(firefox:6503): GLib-GObject-CRITICAL **: g_object_unref: assertion 'object->ref_count > 0' failed
1488152736598	Marionette	INFO	Listening on port 46314

(/usr/lib/firefox/plugin-container:6573): GLib-GObject-CRITICAL **: g_object_ref: assertion 'object->ref_count > 0' failed

(/usr/lib/firefox/plugin-container:6573): GLib-GObject-CRITICAL **: g_object_unref: assertion 'object->ref_count > 0' failed

(/usr/lib/firefox/plugin-container:6573): GLib-GObject-CRITICAL **: g_object_ref: assertion 'object->ref_count > 0' failed

(/usr/lib/firefox/plugin-container:6573): GLib-GObject-CRITICAL **: g_object_unref: assertion 'object->ref_count > 0' failed
*************************
A coding exception was thrown and uncaught in a Task.

Full message: TypeError: NetworkError when attempting to fetch resource.
Full stack: 
*************************

(firefox:6355): GLib-GObject-CRITICAL **: g_object_ref: assertion 'object->ref_count > 0' failed

(firefox:6355): GLib-GObject-CRITICAL **: g_object_unref: assertion 'object->ref_count > 0' failed

(firefox:5588): GLib-GObject-CRITICAL **: g_object_ref: assertion 'object->ref_count > 0' failed

(firefox:5588): GLib-GObject-CRITICAL **: g_object_unref: assertion 'object->ref_count > 0' failed

(firefox:6503): GLib-GObject-CRITICAL **: g_object_ref: assertion 'object->ref_count > 0' failed

(firefox:6503): GLib-GObject-CRITICAL **: g_object_unref: assertion 'object->ref_count > 0' failed
1488152960936	geckodriver	INFO	Listening on 127.0.0.1:56703
1488152962044	mozprofile::profile	INFO	Using profile path /tmp/rust_mozprofile.mVHgtF69MlRu
1488152962045	geckodriver::marionette	INFO	Starting browser /usr/bin/firefox
1488152962050	geckodriver::marionette	INFO	Connecting to Marionette on localhost:42634

(firefox:6745): GLib-GObject-CRITICAL **: g_object_ref: assertion 'object->ref_count > 0' failed

(firefox:6745): GLib-GObject-CRITICAL **: g_object_unref: assertion 'object->ref_count > 0' failed

(firefox:6745): GLib-GObject-CRITICAL **: g_object_ref: assertion 'object->ref_count > 0' failed

(firefox:6745): GLib-GObject-CRITICAL **: g_object_unref: assertion 'object->ref_count > 0' failed
1488152962847	Marionette	INFO	Listening on port 42634

(/usr/lib/firefox/plugin-container:6823): GLib-GObject-CRITICAL **: g_object_ref: assertion 'object->ref_count > 0' failed

(/usr/lib/firefox/plugin-container:6823): GLib-GObject-CRITICAL **: g_object_unref: assertion 'object->ref_count > 0' failed

(/usr/lib/firefox/plugin-container:6823): GLib-GObject-CRITICAL **: g_object_ref: assertion 'object->ref_count > 0' failed

(/usr/lib/firefox/plugin-container:6823): GLib-GObject-CRITICAL **: g_object_unref: assertion 'object->ref_count > 0' failed

(firefox:6745): GLib-GObject-CRITICAL **: g_object_ref: assertion 'object->ref_count > 0' failed

(firefox:6745): GLib-GObject-CRITICAL **: g_object_unref: assertion 'object->ref_count > 0' failed
1488153089269	geckodriver	INFO	Listening on 127.0.0.1:40033
1488153090373	mozprofile::profile	INFO	Using profile path /tmp/rust_mozprofile.9qqw9NASIdZe
1488153090374	geckodriver::marionette	INFO	Starting browser /usr/bin/firefox
1488153090379	geckodriver::marionette	INFO	Connecting to Marionette on localhost:52489

(firefox:6891): GLib-GObject-CRITICAL **: g_object_ref: assertion 'object->ref_count > 0' failed

(firefox:6891): GLib-GObject-CRITICAL **: g_object_unref: assertion 'object->ref_count > 0' failed

(firefox:6891): GLib-GObject-CRITICAL **: g_object_ref: assertion 'object->ref_count > 0' failed

(firefox:6891): GLib-GObject-CRITICAL **: g_object_unref: assertion 'object->ref_count > 0' failed
1488153091226	Marionette	INFO	Listening on port 52489

(/usr/lib/firefox/plugin-container:6965): GLib-GObject-CRITICAL **: g_object_ref: assertion 'object->ref_count > 0' failed

(/usr/lib/firefox/plugin-container:6965): GLib-GObject-CRITICAL **: g_object_unref: assertion 'object->ref_count > 0' failed

(/usr/lib/firefox/plugin-container:6965): GLib-GObject-CRITICAL **: g_object_ref: assertion 'object->ref_count > 0' failed

(/usr/lib/firefox/plugin-container:6965): GLib-GObject-CRITICAL **: g_object_unref: assertion 'object->ref_count > 0' failed
1488153148725	geckodriver	INFO	Listening on 127.0.0.1:41457
1488153149830	mozprofile::profile	INFO	Using profile path /tmp/rust_mozprofile.7HqAyJ1HOZZ9
1488153149831	geckodriver::marionette	INFO	Starting browser /usr/bin/firefox
1488153149836	geckodriver::marionette	INFO	Connecting to Marionette on localhost:54486

(firefox:7037): GLib-GObject-CRITICAL **: g_object_ref: assertion 'object->ref_count > 0' failed

(firefox:7037): GLib-GObject-CRITICAL **: g_object_unref: assertion 'object->ref_count > 0' failed

(firefox:7037): GLib-GObject-CRITICAL **: g_object_ref: assertion 'object->ref_count > 0' failed

(firefox:7037): GLib-GObject-CRITICAL **: g_object_unref: assertion 'object->ref_count > 0' failed
1488153150639	Marionette	INFO	Listening on port 54486

(/usr/lib/firefox/plugin-container:7111): GLib-GObject-CRITICAL **: g_object_ref: assertion 'object->ref_count > 0' failed

(/usr/lib/firefox/plugin-container:7111): GLib-GObject-CRITICAL **: g_object_unref: assertion 'object->ref_count > 0' failed

(/usr/lib/firefox/plugin-container:7111): GLib-GObject-CRITICAL **: g_object_ref: assertion 'object->ref_count > 0' failed

(/usr/lib/firefox/plugin-container:7111): GLib-GObject-CRITICAL **: g_object_unref: assertion 'object->ref_count > 0' failed
1488153221038	geckodriver	INFO	Listening on 127.0.0.1:50671
1488153222146	mozprofile::profile	INFO	Using profile path /tmp/rust_mozprofile.lm6ZzFaM2kNv
1488153222147	geckodriver::marionette	INFO	Starting browser /usr/bin/firefox
1488153222152	geckodriver::marionette	INFO	Connecting to Marionette on localhost:42982

(firefox:7241): GLib-GObject-CRITICAL **: g_object_ref: assertion 'object->ref_count > 0' failed

(firefox:7241): GLib-GObject-CRITICAL **: g_object_unref: assertion 'object->ref_count > 0' failed

(firefox:7241): GLib-GObject-CRITICAL **: g_object_ref: assertion 'object->ref_count > 0' failed

(firefox:7241): GLib-GObject-CRITICAL **: g_object_unref: assertion 'object->ref_count > 0' failed
1488153222978	Marionette	INFO	Listening on port 42982

(/usr/lib/firefox/plugin-container:7312): GLib-GObject-CRITICAL **: g_object_ref: assertion 'object->ref_count > 0' failed

(/usr/lib/firefox/plugin-container:7312): GLib-GObject-CRITICAL **: g_object_unref: assertion 'object->ref_count > 0' failed

(/usr/lib/firefox/plugin-container:7312): GLib-GObject-CRITICAL **: g_object_ref: assertion 'object->ref_count > 0' failed

(/usr/lib/firefox/plugin-container:7312): GLib-GObject-CRITICAL **: g_object_unref: assertion 'object->ref_count > 0' failed
1488153247308	geckodriver	INFO	Listening on 127.0.0.1:48363
1488153248413	mozprofile::profile	INFO	Using profile path /tmp/rust_mozprofile.rUJOfCTXrvQy
1488153248415	geckodriver::marionette	INFO	Starting browser /usr/bin/firefox
1488153248420	geckodriver::marionette	INFO	Connecting to Marionette on localhost:50152

(firefox:7378): GLib-GObject-CRITICAL **: g_object_ref: assertion 'object->ref_count > 0' failed

(firefox:7378): GLib-GObject-CRITICAL **: g_object_unref: assertion 'object->ref_count > 0' failed

(firefox:7378): GLib-GObject-CRITICAL **: g_object_ref: assertion 'object->ref_count > 0' failed

(firefox:7378): GLib-GObject-CRITICAL **: g_object_unref: assertion 'object->ref_count > 0' failed
1488153260310	geckodriver	INFO	Listening on 127.0.0.1:42883
1488153261416	mozprofile::profile	INFO	Using profile path /tmp/rust_mozprofile.jVBgdYPUfk0N
1488153261417	geckodriver::marionette	INFO	Starting browser /usr/bin/firefox
1488153261422	geckodriver::marionette	INFO	Connecting to Marionette on localhost:60132

(firefox:7439): GLib-GObject-CRITICAL **: g_object_ref: assertion 'object->ref_count > 0' failed

(firefox:7439): GLib-GObject-CRITICAL **: g_object_unref: assertion 'object->ref_count > 0' failed

(firefox:7439): GLib-GObject-CRITICAL **: g_object_ref: assertion 'object->ref_count > 0' failed

(firefox:7439): GLib-GObject-CRITICAL **: g_object_unref: assertion 'object->ref_count > 0' failed
1488153262222	Marionette	INFO	Listening on port 60132

(/usr/lib/firefox/plugin-container:7512): GLib-GObject-CRITICAL **: g_object_ref: assertion 'object->ref_count > 0' failed

(/usr/lib/firefox/plugin-container:7512): GLib-GObject-CRITICAL **: g_object_unref: assertion 'object->ref_count > 0' failed

(/usr/lib/firefox/plugin-container:7512): GLib-GObject-CRITICAL **: g_object_ref: assertion 'object->ref_count > 0' failed

(/usr/lib/firefox/plugin-container:7512): GLib-GObject-CRITICAL **: g_object_unref: assertion 'object->ref_count > 0' failed
*************************
A coding exception was thrown and uncaught in a Task.

Full message: TypeError: NetworkError when attempting to fetch resource.
Full stack: 
*************************
*************************
A coding exception was thrown and uncaught in a Task.

Full message: TypeError: NetworkError when attempting to fetch resource.
Full stack: 
*************************
1488153766847	geckodriver	INFO	Listening on 127.0.0.1:42311
1488153767950	mozprofile::profile	INFO	Using profile path /tmp/rust_mozprofile.NEPAK808yxkK
1488153767952	geckodriver::marionette	INFO	Starting browser /usr/bin/firefox
1488153767956	geckodriver::marionette	INFO	Connecting to Marionette on localhost:38956

(firefox:7718): GLib-GObject-CRITICAL **: g_object_ref: assertion 'object->ref_count > 0' failed

(firefox:7718): GLib-GObject-CRITICAL **: g_object_unref: assertion 'object->ref_count > 0' failed

(firefox:7718): GLib-GObject-CRITICAL **: g_object_ref: assertion 'object->ref_count > 0' failed

(firefox:7718): GLib-GObject-CRITICAL **: g_object_unref: assertion 'object->ref_count > 0' failed
1488153768764	Marionette	INFO	Listening on port 38956

(/usr/lib/firefox/plugin-container:7797): GLib-GObject-CRITICAL **: g_object_ref: assertion 'object->ref_count > 0' failed

(/usr/lib/firefox/plugin-container:7797): GLib-GObject-CRITICAL **: g_object_unref: assertion 'object->ref_count > 0' failed

(/usr/lib/firefox/plugin-container:7797): GLib-GObject-CRITICAL **: g_object_ref: assertion 'object->ref_count > 0' failed

(/usr/lib/firefox/plugin-container:7797): GLib-GObject-CRITICAL **: g_object_unref: assertion 'object->ref_count > 0' failed

(firefox:7718): GLib-GObject-CRITICAL **: g_type_add_interface_static: assertion 'g_type_parent (interface_type) == G_TYPE_INTERFACE' failed

(firefox:7718): GLib-GObject-CRITICAL **: g_type_add_interface_static: assertion 'g_type_parent (interface_type) == G_TYPE_INTERFACE' failed

(firefox:7718): GLib-GObject-CRITICAL **: g_type_add_interface_static: assertion 'g_type_parent (interface_type) == G_TYPE_INTERFACE' failed

(firefox:7718): GLib-GObject-CRITICAL **: g_type_add_interface_static: assertion 'g_type_parent (interface_type) == G_TYPE_INTERFACE' failed

(firefox:7718): GLib-GObject-CRITICAL **: g_type_add_interface_static: assertion 'g_type_parent (interface_type) == G_TYPE_INTERFACE' failed

(firefox:7718): GLib-GObject-CRITICAL **: g_type_add_interface_static: assertion 'g_type_parent (interface_type) == G_TYPE_INTERFACE' failed

(firefox:7718): GLib-GObject-WARNING **: /build/buildd/glib2.0-2.40.2/./gobject/gsignal.c:3408: signal name 'load_complete' is invalid for instance '0x7fe6914ae790' of type 'MaiAtkType139'

(firefox:7718): GLib-GObject-CRITICAL **: g_type_add_interface_static: assertion 'g_type_parent (interface_type) == G_TYPE_INTERFACE' failed

(firefox:7718): GLib-GObject-WARNING **: /build/buildd/glib2.0-2.40.2/./gobject/gsignal.c:3408: signal name 'load_complete' is invalid for instance '0x7fe68fc2a9c0' of type 'MaiAtkType139'

(firefox:7718): GLib-GObject-WARNING **: /build/buildd/glib2.0-2.40.2/./gobject/gsignal.c:3408: signal name 'load_complete' is invalid for instance '0x7fe68fc4a7e0' of type 'MaiAtkType139'

(firefox:7718): GLib-GObject-WARNING **: /build/buildd/glib2.0-2.40.2/./gobject/gsignal.c:3408: signal name 'load_complete' is invalid for instance '0x7fe691499f60' of type 'MaiAtkType139'

(firefox:7718): GLib-GObject-CRITICAL **: g_type_add_interface_static: assertion 'g_type_parent (interface_type) == G_TYPE_INTERFACE' failed

(firefox:7718): GLib-GObject-WARNING **: /build/buildd/glib2.0-2.40.2/./gobject/gsignal.c:3408: signal name 'load_complete' is invalid for instance '0x7fe6914b4600' of type 'MaiAtkType139'

(firefox:7718): GLib-GObject-WARNING **: /build/buildd/glib2.0-2.40.2/./gobject/gsignal.c:3408: signal name 'load_complete' is invalid for instance '0x7fe691489f10' of type 'MaiAtkType139'

(firefox:7718): GLib-GObject-WARNING **: /build/buildd/glib2.0-2.40.2/./gobject/gsignal.c:3408: signal name 'load_complete' is invalid for instance '0x7fe6936c3ec0' of type 'MaiAtkType139'

(firefox:7718): GLib-GObject-WARNING **: /build/buildd/glib2.0-2.40.2/./gobject/gsignal.c:3408: signal name 'load_complete' is invalid for instance '0x7fe691499b50' of type 'MaiAtkType139'

(firefox:7718): GLib-GObject-WARNING **: /build/buildd/glib2.0-2.40.2/./gobject/gsignal.c:3408: signal name 'load_complete' is invalid for instance '0x7fe69149ea10' of type 'MaiAtkType139'

(firefox:7718): GLib-GObject-WARNING **: /build/buildd/glib2.0-2.40.2/./gobject/gsignal.c:3408: signal name 'load_complete' is invalid for instance '0x7fe69291de20' of type 'MaiAtkType139'

(firefox:7718): GLib-GObject-WARNING **: /build/buildd/glib2.0-2.40.2/./gobject/gsignal.c:3408: signal name 'load_complete' is invalid for instance '0x7fe6936c36a0' of type 'MaiAtkType139'

(firefox:7718): GLib-GObject-WARNING **: /build/buildd/glib2.0-2.40.2/./gobject/gsignal.c:3408: signal name 'load_complete' is invalid for instance '0x7fe6914ae970' of type 'MaiAtkType139'

(firefox:7718): GLib-GObject-WARNING **: /build/buildd/glib2.0-2.40.2/./gobject/gsignal.c:3408: signal name 'load_complete' is invalid for instance '0x7fe69e66c560' of type 'MaiAtkType139'

(firefox:7718): GLib-GObject-WARNING **: /build/buildd/glib2.0-2.40.2/./gobject/gsignal.c:3408: signal name 'load_complete' is invalid for instance '0x7fe69e629ba0' of type 'MaiAtkType139'

(firefox:7718): GLib-GObject-CRITICAL **: g_object_ref: assertion 'object->ref_count > 0' failed

(firefox:7718): GLib-GObject-CRITICAL **: g_object_unref: assertion 'object->ref_count > 0' failed
*************************
A coding exception was thrown and uncaught in a Task.

Full message: TypeError: NetworkError when attempting to fetch resource.
Full stack: 
*************************
1488153828629	geckodriver	INFO	Listening on 127.0.0.1:35793
1488153829731	mozprofile::profile	INFO	Using profile path /tmp/rust_mozprofile.sdOROofK93ln
1488153829732	geckodriver::marionette	INFO	Starting browser /usr/bin/firefox
1488153829737	geckodriver::marionette	INFO	Connecting to Marionette on localhost:40894

(firefox:7871): GLib-GObject-CRITICAL **: g_object_ref: assertion 'object->ref_count > 0' failed

(firefox:7871): GLib-GObject-CRITICAL **: g_object_unref: assertion 'object->ref_count > 0' failed

(firefox:7871): GLib-GObject-CRITICAL **: g_object_ref: assertion 'object->ref_count > 0' failed

(firefox:7871): GLib-GObject-CRITICAL **: g_object_unref: assertion 'object->ref_count > 0' failed
1488153830533	Marionette	INFO	Listening on port 40894

(/usr/lib/firefox/plugin-container:7947): GLib-GObject-CRITICAL **: g_object_ref: assertion 'object->ref_count > 0' failed

(/usr/lib/firefox/plugin-container:7947): GLib-GObject-CRITICAL **: g_object_unref: assertion 'object->ref_count > 0' failed

(/usr/lib/firefox/plugin-container:7947): GLib-GObject-CRITICAL **: g_object_ref: assertion 'object->ref_count > 0' failed

(/usr/lib/firefox/plugin-container:7947): GLib-GObject-CRITICAL **: g_object_unref: assertion 'object->ref_count > 0' failed

(firefox:7871): GLib-GObject-CRITICAL **: g_type_add_interface_static: assertion 'g_type_parent (interface_type) == G_TYPE_INTERFACE' failed

(firefox:7871): GLib-GObject-CRITICAL **: g_type_add_interface_static: assertion 'g_type_parent (interface_type) == G_TYPE_INTERFACE' failed

(firefox:7871): GLib-GObject-CRITICAL **: g_type_add_interface_static: assertion 'g_type_parent (interface_type) == G_TYPE_INTERFACE' failed

(firefox:7871): GLib-GObject-CRITICAL **: g_type_add_interface_static: assertion 'g_type_parent (interface_type) == G_TYPE_INTERFACE' failed

(firefox:7871): GLib-GObject-CRITICAL **: g_type_add_interface_static: assertion 'g_type_parent (interface_type) == G_TYPE_INTERFACE' failed

(firefox:7871): GLib-GObject-CRITICAL **: g_type_add_interface_static: assertion 'g_type_parent (interface_type) == G_TYPE_INTERFACE' failed

(firefox:7871): GLib-GObject-WARNING **: /build/buildd/glib2.0-2.40.2/./gobject/gsignal.c:3408: signal name 'selection_changed' is invalid for instance '0x7f883be4d420' of type 'MaiAtkType139'
JavaScript error: https://connect.facebook.net/en_US/sdk.js, line 9: TypeError: Permission to call 'clearInterval' denied.

(firefox:7871): GLib-GObject-CRITICAL **: g_type_add_interface_static: assertion 'g_type_parent (interface_type) == G_TYPE_INTERFACE' failed

(firefox:7871): GLib-GObject-WARNING **: /build/buildd/glib2.0-2.40.2/./gobject/gsignal.c:3408: signal name 'selection_changed' is invalid for instance '0x7f883a8a2b50' of type 'MaiAtkType139'

(firefox:7871): GLib-GObject-CRITICAL **: g_object_ref: assertion 'object->ref_count > 0' failed

(firefox:7871): GLib-GObject-CRITICAL **: g_object_unref: assertion 'object->ref_count > 0' failed
*************************
A coding exception was thrown and uncaught in a Task.

Full message: TypeError: NetworkError when attempting to fetch resource.
Full stack: 
*************************
1488154894252	geckodriver	INFO	Listening on 127.0.0.1:34680
1488154895351	mozprofile::profile	INFO	Using profile path /tmp/rust_mozprofile.NGe2PvYkX11H
1488154895353	geckodriver::marionette	INFO	Starting browser /usr/bin/firefox
1488154895357	geckodriver::marionette	INFO	Connecting to Marionette on localhost:59683

(firefox:8080): GLib-GObject-CRITICAL **: g_object_ref: assertion 'object->ref_count > 0' failed

(firefox:8080): GLib-GObject-CRITICAL **: g_object_unref: assertion 'object->ref_count > 0' failed

(firefox:8080): GLib-GObject-CRITICAL **: g_object_ref: assertion 'object->ref_count > 0' failed

(firefox:8080): GLib-GObject-CRITICAL **: g_object_unref: assertion 'object->ref_count > 0' failed
1488154896215	Marionette	INFO	Listening on port 59683

(/usr/lib/firefox/plugin-container:8152): GLib-GObject-CRITICAL **: g_object_ref: assertion 'object->ref_count > 0' failed

(/usr/lib/firefox/plugin-container:8152): GLib-GObject-CRITICAL **: g_object_unref: assertion 'object->ref_count > 0' failed

(/usr/lib/firefox/plugin-container:8152): GLib-GObject-CRITICAL **: g_object_ref: assertion 'object->ref_count > 0' failed

(/usr/lib/firefox/plugin-container:8152): GLib-GObject-CRITICAL **: g_object_unref: assertion 'object->ref_count > 0' failed
1488155008158	geckodriver	INFO	Listening on 127.0.0.1:47691
1488155009260	mozprofile::profile	INFO	Using profile path /tmp/rust_mozprofile.hn0q6OLHsdfM
1488155009280	geckodriver::marionette	INFO	Starting browser /usr/bin/firefox
1488155009284	geckodriver::marionette	INFO	Connecting to Marionette on localhost:44918

(firefox:8249): GLib-GObject-CRITICAL **: g_object_ref: assertion 'object->ref_count > 0' failed

(firefox:8249): GLib-GObject-CRITICAL **: g_object_unref: assertion 'object->ref_count > 0' failed

(firefox:8249): GLib-GObject-CRITICAL **: g_object_ref: assertion 'object->ref_count > 0' failed

(firefox:8249): GLib-GObject-CRITICAL **: g_object_unref: assertion 'object->ref_count > 0' failed
1488155010136	Marionette	INFO	Listening on port 44918

(/usr/lib/firefox/plugin-container:8324): GLib-GObject-CRITICAL **: g_object_ref: assertion 'object->ref_count > 0' failed

(/usr/lib/firefox/plugin-container:8324): GLib-GObject-CRITICAL **: g_object_unref: assertion 'object->ref_count > 0' failed

(/usr/lib/firefox/plugin-container:8324): GLib-GObject-CRITICAL **: g_object_ref: assertion 'object->ref_count > 0' failed

(/usr/lib/firefox/plugin-container:8324): GLib-GObject-CRITICAL **: g_object_unref: assertion 'object->ref_count > 0' failed
1488155339295	geckodriver	INFO	Listening on 127.0.0.1:40418
1488155340410	mozprofile::profile	INFO	Using profile path /tmp/rust_mozprofile.n7gykRyPZcsA
1488155340411	geckodriver::marionette	INFO	Starting browser /usr/bin/firefox
1488155340422	geckodriver::marionette	INFO	Connecting to Marionette on localhost:51113

(firefox:8413): GLib-GObject-CRITICAL **: g_object_ref: assertion 'object->ref_count > 0' failed

(firefox:8413): GLib-GObject-CRITICAL **: g_object_unref: assertion 'object->ref_count > 0' failed

(firefox:8413): GLib-GObject-CRITICAL **: g_object_ref: assertion 'object->ref_count > 0' failed

(firefox:8413): GLib-GObject-CRITICAL **: g_object_unref: assertion 'object->ref_count > 0' failed
1488155341933	Marionette	INFO	Listening on port 51113

(/usr/lib/firefox/plugin-container:8490): GLib-GObject-CRITICAL **: g_object_ref: assertion 'object->ref_count > 0' failed

(/usr/lib/firefox/plugin-container:8490): GLib-GObject-CRITICAL **: g_object_unref: assertion 'object->ref_count > 0' failed

(/usr/lib/firefox/plugin-container:8490): GLib-GObject-CRITICAL **: g_object_ref: assertion 'object->ref_count > 0' failed

(/usr/lib/firefox/plugin-container:8490): GLib-GObject-CRITICAL **: g_object_unref: assertion 'object->ref_count > 0' failed

(firefox:8413): GLib-GObject-CRITICAL **: g_type_add_interface_static: assertion 'g_type_parent (interface_type) == G_TYPE_INTERFACE' failed

(firefox:8413): GLib-GObject-CRITICAL **: g_type_add_interface_static: assertion 'g_type_parent (interface_type) == G_TYPE_INTERFACE' failed

(firefox:8413): GLib-GObject-WARNING **: /build/buildd/glib2.0-2.40.2/./gobject/gsignal.c:3408: signal name 'selection_changed' is invalid for instance '0x7f65769020b0' of type 'MaiAtkType139'

(firefox:8413): GLib-GObject-CRITICAL **: g_type_add_interface_static: assertion 'g_type_parent (interface_type) == G_TYPE_INTERFACE' failed
*************************
A coding exception was thrown and uncaught in a Task.

Full message: TypeError: NetworkError when attempting to fetch resource.
Full stack: 
*************************
*************************
A coding exception was thrown and uncaught in a Task.

Full message: TypeError: NetworkError when attempting to fetch resource.
Full stack: 
*************************
*************************
A coding exception was thrown and uncaught in a Task.

Full message: TypeError: NetworkError when attempting to fetch resource.
Full stack: 
*************************
1488156042929	geckodriver	INFO	Listening on 127.0.0.1:47544
1488156044035	mozprofile::profile	INFO	Using profile path /tmp/rust_mozprofile.rUjStkqgmF7E
1488156044036	geckodriver::marionette	INFO	Starting browser /usr/bin/firefox
1488156044039	geckodriver::marionette	INFO	Connecting to Marionette on localhost:34637

(firefox:8716): GLib-GObject-CRITICAL **: g_object_ref: assertion 'object->ref_count > 0' failed

(firefox:8716): GLib-GObject-CRITICAL **: g_object_unref: assertion 'object->ref_count > 0' failed

(firefox:8716): GLib-GObject-CRITICAL **: g_object_ref: assertion 'object->ref_count > 0' failed

(firefox:8716): GLib-GObject-CRITICAL **: g_object_unref: assertion 'object->ref_count > 0' failed
1488156044975	Marionette	INFO	Listening on port 34637

(/usr/lib/firefox/plugin-container:8790): GLib-GObject-CRITICAL **: g_object_ref: assertion 'object->ref_count > 0' failed

(/usr/lib/firefox/plugin-container:8790): GLib-GObject-CRITICAL **: g_object_unref: assertion 'object->ref_count > 0' failed

(/usr/lib/firefox/plugin-container:8790): GLib-GObject-CRITICAL **: g_object_ref: assertion 'object->ref_count > 0' failed

(/usr/lib/firefox/plugin-container:8790): GLib-GObject-CRITICAL **: g_object_unref: assertion 'object->ref_count > 0' failed
1488156089095	geckodriver	INFO	Listening on 127.0.0.1:58063
1488156090197	mozprofile::profile	INFO	Using profile path /tmp/rust_mozprofile.lD5PR42Gl7K2
1488156090198	geckodriver::marionette	INFO	Starting browser /usr/bin/firefox
1488156090208	geckodriver::marionette	INFO	Connecting to Marionette on localhost:44507

(firefox:8857): GLib-GObject-CRITICAL **: g_object_ref: assertion 'object->ref_count > 0' failed

(firefox:8857): GLib-GObject-CRITICAL **: g_object_unref: assertion 'object->ref_count > 0' failed

(firefox:8857): GLib-GObject-CRITICAL **: g_object_ref: assertion 'object->ref_count > 0' failed

(firefox:8857): GLib-GObject-CRITICAL **: g_object_unref: assertion 'object->ref_count > 0' failed
1488156091023	Marionette	INFO	Listening on port 44507

(/usr/lib/firefox/plugin-container:8934): GLib-GObject-CRITICAL **: g_object_ref: assertion 'object->ref_count > 0' failed

(/usr/lib/firefox/plugin-container:8934): GLib-GObject-CRITICAL **: g_object_unref: assertion 'object->ref_count > 0' failed

(/usr/lib/firefox/plugin-container:8934): GLib-GObject-CRITICAL **: g_object_ref: assertion 'object->ref_count > 0' failed

(/usr/lib/firefox/plugin-container:8934): GLib-GObject-CRITICAL **: g_object_unref: assertion 'object->ref_count > 0' failed
1488156111835	geckodriver	INFO	Listening on 127.0.0.1:33643
1488156112938	mozprofile::profile	INFO	Using profile path /tmp/rust_mozprofile.C1C0wiM3Vpms
1488156112939	geckodriver::marionette	INFO	Starting browser /usr/bin/firefox
1488156112958	geckodriver::marionette	INFO	Connecting to Marionette on localhost:47120

(firefox:9007): GLib-GObject-CRITICAL **: g_object_ref: assertion 'object->ref_count > 0' failed

(firefox:9007): GLib-GObject-CRITICAL **: g_object_unref: assertion 'object->ref_count > 0' failed

(firefox:9007): GLib-GObject-CRITICAL **: g_object_ref: assertion 'object->ref_count > 0' failed

(firefox:9007): GLib-GObject-CRITICAL **: g_object_unref: assertion 'object->ref_count > 0' failed
1488156114016	Marionette	INFO	Listening on port 47120

(/usr/lib/firefox/plugin-container:9079): GLib-GObject-CRITICAL **: g_object_ref: assertion 'object->ref_count > 0' failed

(/usr/lib/firefox/plugin-container:9079): GLib-GObject-CRITICAL **: g_object_unref: assertion 'object->ref_count > 0' failed

(/usr/lib/firefox/plugin-container:9079): GLib-GObject-CRITICAL **: g_object_ref: assertion 'object->ref_count > 0' failed

(/usr/lib/firefox/plugin-container:9079): GLib-GObject-CRITICAL **: g_object_unref: assertion 'object->ref_count > 0' failed

(firefox:9007): GLib-GObject-CRITICAL **: g_type_add_interface_static: assertion 'g_type_parent (interface_type) == G_TYPE_INTERFACE' failed

(firefox:9007): GLib-GObject-CRITICAL **: g_type_add_interface_static: assertion 'g_type_parent (interface_type) == G_TYPE_INTERFACE' failed

(firefox:9007): GLib-GObject-WARNING **: /build/buildd/glib2.0-2.40.2/./gobject/gsignal.c:3408: signal name 'selection_changed' is invalid for instance '0x7faa63cab4c0' of type 'MaiAtkType139'

(firefox:9007): GLib-GObject-CRITICAL **: g_type_add_interface_static: assertion 'g_type_parent (interface_type) == G_TYPE_INTERFACE' failed
1488156196126	geckodriver	INFO	Listening on 127.0.0.1:43238
1488156197231	mozprofile::profile	INFO	Using profile path /tmp/rust_mozprofile.lX8iwv9lsRMI
1488156197232	geckodriver::marionette	INFO	Starting browser /usr/bin/firefox
1488156197237	geckodriver::marionette	INFO	Connecting to Marionette on localhost:42870

(firefox:9163): GLib-GObject-CRITICAL **: g_object_ref: assertion 'object->ref_count > 0' failed

(firefox:9163): GLib-GObject-CRITICAL **: g_object_unref: assertion 'object->ref_count > 0' failed

(firefox:9163): GLib-GObject-CRITICAL **: g_object_ref: assertion 'object->ref_count > 0' failed

(firefox:9163): GLib-GObject-CRITICAL **: g_object_unref: assertion 'object->ref_count > 0' failed
1488156198542	Marionette	INFO	Listening on port 42870

(/usr/lib/firefox/plugin-container:9235): GLib-GObject-CRITICAL **: g_object_ref: assertion 'object->ref_count > 0' failed

(/usr/lib/firefox/plugin-container:9235): GLib-GObject-CRITICAL **: g_object_unref: assertion 'object->ref_count > 0' failed

(/usr/lib/firefox/plugin-container:9235): GLib-GObject-CRITICAL **: g_object_ref: assertion 'object->ref_count > 0' failed

(/usr/lib/firefox/plugin-container:9235): GLib-GObject-CRITICAL **: g_object_unref: assertion 'object->ref_count > 0' failed

(firefox:9163): GLib-GObject-CRITICAL **: g_type_add_interface_static: assertion 'g_type_parent (interface_type) == G_TYPE_INTERFACE' failed

(firefox:9163): GLib-GObject-CRITICAL **: g_type_add_interface_static: assertion 'g_type_parent (interface_type) == G_TYPE_INTERFACE' failed

(firefox:9163): GLib-GObject-WARNING **: /build/buildd/glib2.0-2.40.2/./gobject/gsignal.c:3408: signal name 'selection_changed' is invalid for instance '0x7f87bdffae70' of type 'MaiAtkType139'

(firefox:9163): GLib-GObject-CRITICAL **: g_type_add_interface_static: assertion 'g_type_parent (interface_type) == G_TYPE_INTERFACE' failed
*************************
A coding exception was thrown and uncaught in a Task.

Full message: TypeError: this.browserForTab is undefined
Full stack: hasRemotenessChange@chrome://marionette/content/browser.js:233:9
executeWhenReady@chrome://marionette/content/browser.js:264:9
GeckoDriver.prototype.sendAsync@chrome://marionette/content/driver.js:218:5
send/<@chrome://marionette/content/proxy.js:138:7
send@chrome://marionette/content/proxy.js:105:12
ownPriorityGetterTrap.get/<@chrome://marionette/content/proxy.js:24:25
GeckoDriver.prototype.switchToFrame@chrome://marionette/content/driver.js:1519:21
TaskImpl_run@resource://gre/modules/Task.jsm:319:40
TaskImpl@resource://gre/modules/Task.jsm:280:3
createAsyncFunction/asyncFunction@resource://gre/modules/Task.jsm:254:14
Task_spawn@resource://gre/modules/Task.jsm:168:12
TaskImpl_handleResultValue@resource://gre/modules/Task.jsm:388:16
TaskImpl_run@resource://gre/modules/Task.jsm:327:13
TaskImpl@resource://gre/modules/Task.jsm:280:3
createAsyncFunction/asyncFunction@resource://gre/modules/Task.jsm:254:14
Task_spawn@resource://gre/modules/Task.jsm:168:12
Dispatcher.prototype.execute@chrome://marionette/content/dispatcher.js:117:13
Dispatcher.prototype.onPacket@chrome://marionette/content/dispatcher.js:88:5
DebuggerTransport.prototype._onJSONObjectReady/<@chrome://marionette/content/server.js -> resource://devtools/shared/transport/transport.js:483:11
exports.makeInfallible/<@resource://gre/modules/commonjs/toolkit/loader.js -> resource://devtools/shared/ThreadSafeDevToolsUtils.js:101:14
exports.makeInfallible/<@resource://gre/modules/commonjs/toolkit/loader.js -> resource://devtools/shared/ThreadSafeDevToolsUtils.js:101:14

*************************
*************************
A coding exception was thrown and uncaught in a Task.

Full message: TypeError: this.browserForTab is undefined
Full stack: hasRemotenessChange@chrome://marionette/content/browser.js:233:9
executeWhenReady@chrome://marionette/content/browser.js:264:9
GeckoDriver.prototype.sendAsync@chrome://marionette/content/driver.js:218:5
send/<@chrome://marionette/content/proxy.js:138:7
send@chrome://marionette/content/proxy.js:105:12
ownPriorityGetterTrap.get/<@chrome://marionette/content/proxy.js:24:25
GeckoDriver.prototype.switchToFrame@chrome://marionette/content/driver.js:1519:21
TaskImpl_run@resource://gre/modules/Task.jsm:319:40
TaskImpl@resource://gre/modules/Task.jsm:280:3
createAsyncFunction/asyncFunction@resource://gre/modules/Task.jsm:254:14
Task_spawn@resource://gre/modules/Task.jsm:168:12
TaskImpl_handleResultValue@resource://gre/modules/Task.jsm:388:16
TaskImpl_run@resource://gre/modules/Task.jsm:327:13
TaskImpl@resource://gre/modules/Task.jsm:280:3
createAsyncFunction/asyncFunction@resource://gre/modules/Task.jsm:254:14
Task_spawn@resource://gre/modules/Task.jsm:168:12
Dispatcher.prototype.execute@chrome://marionette/content/dispatcher.js:117:13
Dispatcher.prototype.onPacket@chrome://marionette/content/dispatcher.js:88:5
DebuggerTransport.prototype._onJSONObjectReady/<@chrome://marionette/content/server.js -> resource://devtools/shared/transport/transport.js:483:11
exports.makeInfallible/<@resource://gre/modules/commonjs/toolkit/loader.js -> resource://devtools/shared/ThreadSafeDevToolsUtils.js:101:14
exports.makeInfallible/<@resource://gre/modules/commonjs/toolkit/loader.js -> resource://devtools/shared/ThreadSafeDevToolsUtils.js:101:14

*************************
*************************
A coding exception was thrown in a Promise rejection callback.
See https://developer.mozilla.org/Mozilla/JavaScript_code_modules/Promise.jsm/Promise

Full message: TypeError: this.browserForTab is undefined
Full stack: hasRemotenessChange@chrome://marionette/content/browser.js:233:9
executeWhenReady@chrome://marionette/content/browser.js:264:9
GeckoDriver.prototype.sendAsync@chrome://marionette/content/driver.js:218:5
send/<@chrome://marionette/content/proxy.js:138:7
send@chrome://marionette/content/proxy.js:105:12
ownPriorityGetterTrap.get/<@chrome://marionette/content/proxy.js:24:25
GeckoDriver.prototype.switchToFrame@chrome://marionette/content/driver.js:1519:21
TaskImpl_run@resource://gre/modules/Task.jsm:319:40
TaskImpl@resource://gre/modules/Task.jsm:280:3
createAsyncFunction/asyncFunction@resource://gre/modules/Task.jsm:254:14
Task_spawn@resource://gre/modules/Task.jsm:168:12
TaskImpl_handleResultValue@resource://gre/modules/Task.jsm:388:16
TaskImpl_run@resource://gre/modules/Task.jsm:327:13
TaskImpl@resource://gre/modules/Task.jsm:280:3
createAsyncFunction/asyncFunction@resource://gre/modules/Task.jsm:254:14
Task_spawn@resource://gre/modules/Task.jsm:168:12
Dispatcher.prototype.execute@chrome://marionette/content/dispatcher.js:117:13
Dispatcher.prototype.onPacket@chrome://marionette/content/dispatcher.js:88:5
DebuggerTransport.prototype._onJSONObjectReady/<@chrome://marionette/content/server.js -> resource://devtools/shared/transport/transport.js:483:11
exports.makeInfallible/<@resource://gre/modules/commonjs/toolkit/loader.js -> resource://devtools/shared/ThreadSafeDevToolsUtils.js:101:14
exports.makeInfallible/<@resource://gre/modules/commonjs/toolkit/loader.js -> resource://devtools/shared/ThreadSafeDevToolsUtils.js:101:14

*************************
Marionette threw an error: TypeError: this.browserForTab is undefined
hasRemotenessChange@chrome://marionette/content/browser.js:233:9
executeWhenReady@chrome://marionette/content/browser.js:264:9
GeckoDriver.prototype.sendAsync@chrome://marionette/content/driver.js:218:5
send/<@chrome://marionette/content/proxy.js:138:7
send@chrome://marionette/content/proxy.js:105:12
ownPriorityGetterTrap.get/<@chrome://marionette/content/proxy.js:24:25
GeckoDriver.prototype.switchToFrame@chrome://marionette/content/driver.js:1519:21
TaskImpl_run@resource://gre/modules/Task.jsm:319:40
TaskImpl@resource://gre/modules/Task.jsm:280:3
createAsyncFunction/asyncFunction@resource://gre/modules/Task.jsm:254:14
Task_spawn@resource://gre/modules/Task.jsm:168:12
TaskImpl_handleResultValue@resource://gre/modules/Task.jsm:388:16
TaskImpl_run@resource://gre/modules/Task.jsm:327:13
TaskImpl@resource://gre/modules/Task.jsm:280:3
createAsyncFunction/asyncFunction@resource://gre/modules/Task.jsm:254:14
Task_spawn@resource://gre/modules/Task.jsm:168:12
Dispatcher.prototype.execute@chrome://marionette/content/dispatcher.js:117:13
Dispatcher.prototype.onPacket@chrome://marionette/content/dispatcher.js:88:5
DebuggerTransport.prototype._onJSONObjectReady/<@chrome://marionette/content/server.js -> resource://devtools/shared/transport/transport.js:483:11
exports.makeInfallible/<@resource://gre/modules/commonjs/toolkit/loader.js -> resource://devtools/shared/ThreadSafeDevToolsUtils.js:101:14
exports.makeInfallible/<@resource://gre/modules/commonjs/toolkit/loader.js -> resource://devtools/shared/ThreadSafeDevToolsUtils.js:101:14

1488156353078	geckodriver	INFO	Listening on 127.0.0.1:58365
1488156354188	mozprofile::profile	INFO	Using profile path /tmp/rust_mozprofile.HgzzXDevqkwk
1488156354191	geckodriver::marionette	INFO	Starting browser /usr/bin/firefox
1488156354205	geckodriver::marionette	INFO	Connecting to Marionette on localhost:37072

(firefox:9313): GLib-GObject-CRITICAL **: g_object_ref: assertion 'object->ref_count > 0' failed

(firefox:9313): GLib-GObject-CRITICAL **: g_object_unref: assertion 'object->ref_count > 0' failed

(firefox:9313): GLib-GObject-CRITICAL **: g_object_ref: assertion 'object->ref_count > 0' failed

(firefox:9313): GLib-GObject-CRITICAL **: g_object_unref: assertion 'object->ref_count > 0' failed
1488156355576	Marionette	INFO	Listening on port 37072

(/usr/lib/firefox/plugin-container:9389): GLib-GObject-CRITICAL **: g_object_ref: assertion 'object->ref_count > 0' failed

(/usr/lib/firefox/plugin-container:9389): GLib-GObject-CRITICAL **: g_object_unref: assertion 'object->ref_count > 0' failed

(/usr/lib/firefox/plugin-container:9389): GLib-GObject-CRITICAL **: g_object_ref: assertion 'object->ref_count > 0' failed

(/usr/lib/firefox/plugin-container:9389): GLib-GObject-CRITICAL **: g_object_unref: assertion 'object->ref_count > 0' failed

(firefox:9313): GLib-GObject-CRITICAL **: g_type_add_interface_static: assertion 'g_type_parent (interface_type) == G_TYPE_INTERFACE' failed

(firefox:9313): GLib-GObject-CRITICAL **: g_type_add_interface_static: assertion 'g_type_parent (interface_type) == G_TYPE_INTERFACE' failed

(firefox:9313): GLib-GObject-WARNING **: /build/buildd/glib2.0-2.40.2/./gobject/gsignal.c:3408: signal name 'selection_changed' is invalid for instance '0x7f506ca62f10' of type 'MaiAtkType139'

(firefox:9313): GLib-GObject-CRITICAL **: g_type_add_interface_static: assertion 'g_type_parent (interface_type) == G_TYPE_INTERFACE' failed
1488156411605	geckodriver	INFO	Listening on 127.0.0.1:49035
1488156412727	mozprofile::profile	INFO	Using profile path /tmp/rust_mozprofile.Mc0bf5g9h3nk
1488156412730	geckodriver::marionette	INFO	Starting browser /usr/bin/firefox
1488156412760	geckodriver::marionette	INFO	Connecting to Marionette on localhost:54345

(firefox:9460): GLib-GObject-CRITICAL **: g_object_ref: assertion 'object->ref_count > 0' failed

(firefox:9460): GLib-GObject-CRITICAL **: g_object_unref: assertion 'object->ref_count > 0' failed

(firefox:9460): GLib-GObject-CRITICAL **: g_object_ref: assertion 'object->ref_count > 0' failed

(firefox:9460): GLib-GObject-CRITICAL **: g_object_unref: assertion 'object->ref_count > 0' failed
1488156414608	Marionette	INFO	Listening on port 54345

(/usr/lib/firefox/plugin-container:9533): GLib-GObject-CRITICAL **: g_object_ref: assertion 'object->ref_count > 0' failed

(/usr/lib/firefox/plugin-container:9533): GLib-GObject-CRITICAL **: g_object_unref: assertion 'object->ref_count > 0' failed

(/usr/lib/firefox/plugin-container:9533): GLib-GObject-CRITICAL **: g_object_ref: assertion 'object->ref_count > 0' failed

(/usr/lib/firefox/plugin-container:9533): GLib-GObject-CRITICAL **: g_object_unref: assertion 'object->ref_count > 0' failed

(firefox:9460): GLib-GObject-CRITICAL **: g_type_add_interface_static: assertion 'g_type_parent (interface_type) == G_TYPE_INTERFACE' failed

(firefox:9460): GLib-GObject-CRITICAL **: g_type_add_interface_static: assertion 'g_type_parent (interface_type) == G_TYPE_INTERFACE' failed

(firefox:9460): GLib-GObject-WARNING **: /build/buildd/glib2.0-2.40.2/./gobject/gsignal.c:3408: signal name 'selection_changed' is invalid for instance '0x7f9f951fc510' of type 'MaiAtkType139'

(firefox:9460): GLib-GObject-CRITICAL **: g_type_add_interface_static: assertion 'g_type_parent (interface_type) == G_TYPE_INTERFACE' failed
